# JRE version: OpenJDK Runtime Environment (17.0.7) (build 17.0.7+0-b2043.56-10550314)
# Java VM: OpenJDK 64-Bit Server VM (17.0.7+0-b2043.56-10550314, mixed mode, tiered, compressed oops, compressed class ptrs, g1 gc, windows-amd64)
GC Precious Log:
 CPUs: 4 total, 4 available
 Memory: 8089M
 Large Page Support: Disabled
 NUMA Support: Disabled
 Compressed Oops: Enabled (32-bit)
 Heap Region Size: 1M
 Heap Min Capacity: 8M
 Heap Initial Capacity: 128M
 Heap Max Capacity: 2G
 Pre-touch: Disabled
 Parallel Workers: 4
 Concurrent Workers: 1
 Concurrent Refinement Workers: 4
 Periodic GC: Disabled
Heap:
 garbage-first heap   total 552960K, used 386144K [0x0000000080000000, 0x0000000100000000)
  region size 1024K, 76 young (77824K), 11 survivors (11264K)
 Metaspace       used 216945K, committed 218176K, reserved 1245184K
  class space    used 27827K, committed 28416K, reserved 1048576K
GC Heap History (20 events):
Event: 1370.623 GC heap before
{Heap before GC invocations=168 (full 0):
 garbage-first heap   total 501760K, used 413896K [0x0000000080000000, 0x0000000100000000)
  region size 1024K, 154 young (157696K), 21 survivors (21504K)
 Metaspace       used 206427K, committed 207616K, reserved 1245184K
  class space    used 26350K, committed 26944K, reserved 1048576K
}
Event: 1370.707 GC heap after
{Heap after GC invocations=169 (full 0):
 garbage-first heap   total 501760K, used 298728K [0x0000000080000000, 0x0000000100000000)
  region size 1024K, 20 young (20480K), 20 survivors (20480K)
 Metaspace       used 206427K, committed 207616K, reserved 1245184K
  class space    used 26350K, committed 26944K, reserved 1048576K
}
Event: 1373.862 GC heap before
{Heap before GC invocations=170 (full 0):
 garbage-first heap   total 552960K, used 410344K [0x0000000080000000, 0x0000000100000000)
  region size 1024K, 130 young (133120K), 20 survivors (20480K)
 Metaspace       used 208570K, committed 209792K, reserved 1245184K
  class space    used 26663K, committed 27264K, reserved 1048576K
}
Event: 1373.937 GC heap after
{Heap after GC invocations=171 (full 0):
 garbage-first heap   total 552960K, used 315392K [0x0000000080000000, 0x0000000100000000)
  region size 1024K, 17 young (17408K), 17 survivors (17408K)
 Metaspace       used 208570K, committed 209792K, reserved 1245184K
  class space    used 26663K, committed 27264K, reserved 1048576K
}
Event: 1373.980 GC heap before
{Heap before GC invocations=171 (full 0):
 garbage-first heap   total 552960K, used 325632K [0x0000000080000000, 0x0000000100000000)
  region size 1024K, 27 young (27648K), 17 survivors (17408K)
 Metaspace       used 208598K, committed 209792K, reserved 1245184K
  class space    used 26665K, committed 27264K, reserved 1048576K
}
Event: 1374.036 GC heap after
{Heap after GC invocations=172 (full 0):
 garbage-first heap   total 552960K, used 310272K [0x0000000080000000, 0x0000000100000000)
  region size 1024K, 3 young (3072K), 3 survivors (3072K)
 Metaspace       used 208598K, committed 209792K, reserved 1245184K
  class space    used 26665K, committed 27264K, reserved 1048576K
}
Event: 1380.986 GC heap before
{Heap before GC invocations=172 (full 0):
 garbage-first heap   total 552960K, used 448512K [0x0000000080000000, 0x0000000100000000)
  region size 1024K, 139 young (142336K), 3 survivors (3072K)
 Metaspace       used 214381K, committed 215616K, reserved 1245184K
  class space    used 27528K, committed 28096K, reserved 1048576K
}
Event: 1381.009 GC heap after
{Heap after GC invocations=173 (full 0):
 garbage-first heap   total 552960K, used 316445K [0x0000000080000000, 0x0000000100000000)
  region size 1024K, 9 young (9216K), 9 survivors (9216K)
 Metaspace       used 214381K, committed 215616K, reserved 1245184K
  class space    used 27528K, committed 28096K, reserved 1048576K
}
Event: 1382.307 GC heap before
{Heap before GC invocations=173 (full 0):
 garbage-first heap   total 552960K, used 454685K [0x0000000080000000, 0x0000000100000000)
  region size 1024K, 145 young (148480K), 9 survivors (9216K)
 Metaspace       used 215043K, committed 216256K, reserved 1245184K
  class space    used 27561K, committed 28160K, reserved 1048576K
}
Event: 1382.329 GC heap after
{Heap after GC invocations=174 (full 0):
 garbage-first heap   total 552960K, used 317302K [0x0000000080000000, 0x0000000100000000)
  region size 1024K, 10 young (10240K), 10 survivors (10240K)
 Metaspace       used 215043K, committed 216256K, reserved 1245184K
  class space    used 27561K, committed 28160K, reserved 1048576K
}
Event: 1383.187 GC heap before
{Heap before GC invocations=174 (full 0):
 garbage-first heap   total 552960K, used 461686K [0x0000000080000000, 0x0000000100000000)
  region size 1024K, 151 young (154624K), 10 survivors (10240K)
 Metaspace       used 215594K, committed 216832K, reserved 1245184K
  class space    used 27636K, committed 28224K, reserved 1048576K
}
Event: 1383.212 GC heap after
{Heap after GC invocations=175 (full 0):
 garbage-first heap   total 552960K, used 317356K [0x0000000080000000, 0x0000000100000000)
  region size 1024K, 10 young (10240K), 10 survivors (10240K)
 Metaspace       used 215594K, committed 216832K, reserved 1245184K
  class space    used 27636K, committed 28224K, reserved 1048576K
}
Event: 1384.216 GC heap before
{Heap before GC invocations=175 (full 0):
 garbage-first heap   total 552960K, used 467884K [0x0000000080000000, 0x0000000100000000)
  region size 1024K, 157 young (160768K), 10 survivors (10240K)
 Metaspace       used 216302K, committed 217536K, reserved 1245184K
  class space    used 27749K, committed 28352K, reserved 1048576K
}
Event: 1384.242 GC heap after
{Heap after GC invocations=176 (full 0):
 garbage-first heap   total 552960K, used 317834K [0x0000000080000000, 0x0000000100000000)
  region size 1024K, 10 young (10240K), 10 survivors (10240K)
 Metaspace       used 216302K, committed 217536K, reserved 1245184K
  class space    used 27749K, committed 28352K, reserved 1048576K
}
Event: 1385.391 GC heap before
{Heap before GC invocations=176 (full 0):
 garbage-first heap   total 552960K, used 473482K [0x0000000080000000, 0x0000000100000000)
  region size 1024K, 162 young (165888K), 10 survivors (10240K)
 Metaspace       used 216818K, committed 218048K, reserved 1245184K
  class space    used 27818K, committed 28416K, reserved 1048576K
}
Event: 1385.415 GC heap after
{Heap after GC invocations=177 (full 0):
 garbage-first heap   total 552960K, used 318916K [0x0000000080000000, 0x0000000100000000)
  region size 1024K, 11 young (11264K), 11 survivors (11264K)
 Metaspace       used 216818K, committed 218048K, reserved 1245184K
  class space    used 27818K, committed 28416K, reserved 1048576K
}
Event: 1386.296 GC heap before
{Heap before GC invocations=177 (full 0):
 garbage-first heap   total 552960K, used 477636K [0x0000000080000000, 0x0000000100000000)
  region size 1024K, 166 young (169984K), 11 survivors (11264K)
 Metaspace       used 216858K, committed 218112K, reserved 1245184K
  class space    used 27822K, committed 28416K, reserved 1048576K
}
Event: 1386.328 GC heap after
{Heap after GC invocations=178 (full 0):
 garbage-first heap   total 552960K, used 319976K [0x0000000080000000, 0x0000000100000000)
  region size 1024K, 12 young (12288K), 12 survivors (12288K)
 Metaspace       used 216858K, committed 218112K, reserved 1245184K
  class space    used 27822K, committed 28416K, reserved 1048576K
}
Event: 1387.217 GC heap before
{Heap before GC invocations=178 (full 0):
 garbage-first heap   total 552960K, used 480744K [0x0000000080000000, 0x0000000100000000)
  region size 1024K, 169 young (173056K), 12 survivors (12288K)
 Metaspace       used 216943K, committed 218176K, reserved 1245184K
  class space    used 27828K, committed 28416K, reserved 1048576K
}
Event: 1387.251 GC heap after
{Heap after GC invocations=179 (full 0):
 garbage-first heap   total 552960K, used 320608K [0x0000000080000000, 0x0000000100000000)
  region size 1024K, 11 young (11264K), 11 survivors (11264K)
 Metaspace       used 216943K, committed 218176K, reserved 1245184K
  class space    used 27828K, committed 28416K, reserved 1048576K
}

